{"uid":"24c20d74d968c75f","name":"INTERNSHIP-108252 Koel app | Log in","fullName":"LoginTests.loginwithcorrectPasswordTest","historyId":"8aec2a7ae58d1fe341831a085b276731","time":{"start":1771611322044,"stop":1771611322046,"duration":2},"status":"skipped","statusMessage":"Fallo al inicializar el driver: Could not start a new session. Response code 500. Message: java.util.concurrent.TimeoutException\nBuild info: version: '4.28.1', revision: '73f5ad48a2'\nSystem info: os.name: 'Linux', os.arch: 'amd64', os.version: '6.11.0-1018-azure', java.version: '21.0.10'\nDriver info: driver.version: unknown \nHost info: host: 'runnervmwffz4', ip: '10.1.1.11'\nBuild info: version: '4.28.1', revision: '73f5ad48a2'\nSystem info: os.name: 'Linux', os.arch: 'amd64', os.version: '6.11.0-1018-azure', java.version: '21.0.10'\nDriver info: driver.version: unknown","statusTrace":"java.lang.RuntimeException: Fallo al inicializar el driver: Could not start a new session. Response code 500. Message: java.util.concurrent.TimeoutException\nBuild info: version: '4.28.1', revision: '73f5ad48a2'\nSystem info: os.name: 'Linux', os.arch: 'amd64', os.version: '6.11.0-1018-azure', java.version: '21.0.10'\nDriver info: driver.version: unknown \nHost info: host: 'runnervmwffz4', ip: '10.1.1.11'\nBuild info: version: '4.28.1', revision: '73f5ad48a2'\nSystem info: os.name: 'Linux', os.arch: 'amd64', os.version: '6.11.0-1018-azure', java.version: '21.0.10'\nDriver info: driver.version: unknown\n\tat BaseTest.launchBrowser(BaseTest.java:100)\n\tat LoginTests.setup(LoginTests.java:25)\n\tat java.base/jdk.internal.reflect.DirectMethodHandleAccessor.invoke(DirectMethodHandleAccessor.java:103)\n\tat java.base/java.lang.reflect.Method.invoke(Method.java:580)\n\tat org.testng.internal.invokers.MethodInvocationHelper.invokeMethod(MethodInvocationHelper.java:141)\n\tat org.testng.internal.invokers.MethodInvocationHelper.invokeMethodConsideringTimeout(MethodInvocationHelper.java:71)\n\tat org.testng.internal.invokers.ConfigInvoker.invokeConfigurationMethod(ConfigInvoker.java:400)\n\tat org.testng.internal.invokers.ConfigInvoker.invokeConfigurations(ConfigInvoker.java:333)\n\tat org.testng.internal.invokers.TestInvoker.runConfigMethods(TestInvoker.java:833)\n\tat org.testng.internal.invokers.TestInvoker.invokeMethod(TestInvoker.java:600)\n\tat org.testng.internal.invokers.TestInvoker.invokeTestMethod(TestInvoker.java:230)\n\tat org.testng.internal.invokers.MethodRunner.runInSequence(MethodRunner.java:63)\n\tat org.testng.internal.invokers.TestInvoker$MethodInvocationAgent.invoke(TestInvoker.java:992)\n\tat org.testng.internal.invokers.TestInvoker.invokeTestMethods(TestInvoker.java:203)\n\tat org.testng.internal.invokers.TestMethodWorker.invokeTestMethods(TestMethodWorker.java:154)\n\tat org.testng.internal.invokers.TestMethodWorker.run(TestMethodWorker.java:134)\n\tat java.base/java.util.ArrayList.forEach(ArrayList.java:1596)\n\tat org.testng.TestRunner.privateRun(TestRunner.java:739)\n\tat org.testng.TestRunner.run(TestRunner.java:614)\n\tat org.testng.SuiteRunner.runTest(SuiteRunner.java:421)\n\tat org.testng.SuiteRunner.runSequentially(SuiteRunner.java:413)\n\tat org.testng.SuiteRunner.privateRun(SuiteRunner.java:373)\n\tat org.testng.SuiteRunner.run(SuiteRunner.java:312)\n\tat org.testng.SuiteRunnerWorker.runSuite(SuiteRunnerWorker.java:52)\n\tat org.testng.SuiteRunnerWorker.run(SuiteRunnerWorker.java:95)\n\tat org.testng.TestNG.runSuitesSequentially(TestNG.java:1274)\n\tat org.testng.TestNG.runSuitesLocally(TestNG.java:1208)\n\tat org.testng.TestNG.runSuites(TestNG.java:1112)\n\tat org.testng.TestNG.run(TestNG.java:1079)\n\tat org.gradle.api.internal.tasks.testing.testng.TestNGTestClassProcessor.runTests(TestNGTestClassProcessor.java:148)\n\tat org.gradle.api.internal.tasks.testing.testng.TestNGTestClassProcessor.stop(TestNGTestClassProcessor.java:95)\n\tat org.gradle.api.internal.tasks.testing.SuiteTestClassProcessor.stop(SuiteTestClassProcessor.java:62)\n\tat java.base/jdk.internal.reflect.DirectMethodHandleAccessor.invoke(DirectMethodHandleAccessor.java:103)\n\tat java.base/java.lang.reflect.Method.invoke(Method.java:580)\n\tat org.gradle.internal.dispatch.ReflectionDispatch.dispatch(ReflectionDispatch.java:36)\n\tat org.gradle.internal.dispatch.ReflectionDispatch.dispatch(ReflectionDispatch.java:24)\n\tat org.gradle.internal.dispatch.ContextClassLoaderDispatch.dispatch(ContextClassLoaderDispatch.java:33)\n\tat org.gradle.internal.dispatch.ProxyDispatchAdapter$DispatchingInvocationHandler.invoke(ProxyDispatchAdapter.java:94)\n\tat jdk.proxy1/jdk.proxy1.$Proxy2.stop(Unknown Source)\n\tat org.gradle.api.internal.tasks.testing.worker.TestWorker$3.run(TestWorker.java:193)\n\tat org.gradle.api.internal.tasks.testing.worker.TestWorker.executeAndMaintainThreadName(TestWorker.java:129)\n\tat org.gradle.api.internal.tasks.testing.worker.TestWorker.execute(TestWorker.java:100)\n\tat org.gradle.api.internal.tasks.testing.worker.TestWorker.execute(TestWorker.java:60)\n\tat org.gradle.process.internal.worker.child.ActionExecutionWorker.execute(ActionExecutionWorker.java:56)\n\tat org.gradle.process.internal.worker.child.SystemApplicationClassLoaderWorker.call(SystemApplicationClassLoaderWorker.java:113)\n\tat org.gradle.process.internal.worker.child.SystemApplicationClassLoaderWorker.call(SystemApplicationClassLoaderWorker.java:65)\n\tat worker.org.gradle.process.internal.worker.GradleWorkerMain.run(GradleWorkerMain.java:69)\n\tat worker.org.gradle.process.internal.worker.GradleWorkerMain.main(GradleWorkerMain.java:74)\nCaused by: org.openqa.selenium.SessionNotCreatedException: Could not start a new session. Response code 500. Message: java.util.concurrent.TimeoutException\nBuild info: version: '4.28.1', revision: '73f5ad48a2'\nSystem info: os.name: 'Linux', os.arch: 'amd64', os.version: '6.11.0-1018-azure', java.version: '21.0.10'\nDriver info: driver.version: unknown \nHost info: host: 'runnervmwffz4', ip: '10.1.1.11'\nBuild info: version: '4.28.1', revision: '73f5ad48a2'\nSystem info: os.name: 'Linux', os.arch: 'amd64', os.version: '6.11.0-1018-azure', java.version: '21.0.10'\nDriver info: driver.version: unknown\n\tat org.openqa.selenium.remote.ProtocolHandshake.createSession(ProtocolHandshake.java:114)\n\tat org.openqa.selenium.remote.ProtocolHandshake.createSession(ProtocolHandshake.java:75)\n\tat org.openqa.selenium.remote.RemoteWebDriverBuilder.getRemoteDriver(RemoteWebDriverBuilder.java:394)\n\tat org.openqa.selenium.remote.RemoteWebDriverBuilder.build(RemoteWebDriverBuilder.java:366)\n\tat BaseTest.launchBrowser(BaseTest.java:83)\n\t... 47 more\n","flaky":false,"newFailed":false,"newBroken":false,"newPassed":false,"retriesCount":0,"retriesStatusChange":false,"beforeStages":[{"name":"setup","time":{"start":1771611322042,"stop":1771611322042,"duration":0},"description":"","status":"broken","steps":[],"attachments":[],"parameters":[],"stepsCount":0,"shouldDisplayMessage":false,"attachmentsCount":0,"hasContent":false,"attachmentStep":false}],"afterStages":[{"name":"tearDown","time":{"start":1771611322047,"stop":1771611322047,"duration":0},"description":"","status":"broken","steps":[],"attachments":[],"parameters":[],"stepsCount":0,"shouldDisplayMessage":false,"attachmentsCount":0,"hasContent":false,"attachmentStep":false}],"labels":[{"name":"package","value":"LoginTests"},{"name":"testClass","value":"LoginTests"},{"name":"testMethod","value":"loginwithcorrectPasswordTest"},{"name":"parentSuite","value":"Suite Optimizada"},{"name":"suite","value":"Java Selenium test case"},{"name":"subSuite","value":"LoginTests"},{"name":"host","value":"runnervmwffz4"},{"name":"thread","value":"3461@runnervmwffz4.Test worker(1)"},{"name":"framework","value":"testng"},{"name":"language","value":"java"},{"name":"resultFormat","value":"allure2"}],"parameters":[{"name":"BaseUrl","value":"https://qa.koel.app/"},{"name":"browser","value":"chrome"},{"name":"gridUrl","value":""}],"links":[],"hidden":false,"retry":false,"extra":{"severity":"normal","retries":[],"categories":[],"history":{"statistic":{"failed":0,"broken":0,"skipped":5,"passed":0,"unknown":0,"total":5},"items":[{"uid":"31d5cdfa772baf7f","reportUrl":"https://QAwithHeilynFuselier.github.io/Hybrid-Testing-Suite-Selenium-Postman/29/#testresult/31d5cdfa772baf7f","status":"skipped","statusDetails":"Fallo al inicializar el driver: Could not start a new session. Possible causes are invalid address of the remote server or browser start-up failure. \nHost info: host: 'runnervmwffz4', ip: '10.1.0.45'","time":{"start":1771606365244,"stop":1771606365248,"duration":4}},{"uid":"a7a716070b7a714d","reportUrl":"https://QAwithHeilynFuselier.github.io/Hybrid-Testing-Suite-Selenium-Postman/28/#testresult/a7a716070b7a714d","status":"skipped","statusDetails":"Error crítico en launchBrowser: Could not start a new session. Possible causes are invalid address of the remote server or browser start-up failure. \nHost info: host: 'runnervmwffz4', ip: '10.1.0.207'","time":{"start":1771605897519,"stop":1771605897522,"duration":3}},{"uid":"d3d31b543a0778d8","reportUrl":"https://QAwithHeilynFuselier.github.io/Hybrid-Testing-Suite-Selenium-Postman/27/#testresult/d3d31b543a0778d8","status":"skipped","statusDetails":"Error crítico en launchBrowser: Could not start a new session. Possible causes are invalid address of the remote server or browser start-up failure. \nHost info: host: 'runnervmwffz4', ip: '10.1.0.234'","time":{"start":1771605801102,"stop":1771605801105,"duration":3}},{"uid":"3e079224ae3f3689","reportUrl":"https://QAwithHeilynFuselier.github.io/Hybrid-Testing-Suite-Selenium-Postman/26/#testresult/3e079224ae3f3689","status":"skipped","statusDetails":"Error crítico en launchBrowser: Could not start a new session. Possible causes are invalid address of the remote server or browser start-up failure. \nHost info: host: 'runnervmwffz4', ip: '10.1.0.160'","time":{"start":1771605471923,"stop":1771605471928,"duration":5}}]},"tags":[]},"source":"24c20d74d968c75f.json","parameterValues":["https://qa.koel.app/","chrome",""]}