{"uuid":"fb810642-53f2-4406-b9db-85b9a53c5eb0","historyId":"d8c2e349e03ed1ad4f6faf5642890195","fullName":"LoginTests.loginValidationMessages","labels":[{"name":"package","value":"LoginTests"},{"name":"testClass","value":"LoginTests"},{"name":"testMethod","value":"loginValidationMessages"},{"name":"parentSuite","value":"Suite Optimizada"},{"name":"suite","value":"Java Selenium test case"},{"name":"subSuite","value":"LoginTests"},{"name":"host","value":"Heilyn"},{"name":"thread","value":"24840@Heilyn.TestNG-test=Java Selenium test case-1(39)"},{"name":"framework","value":"testng"},{"name":"language","value":"java"}],"links":[],"name":"loginValidationMessages","status":"skipped","statusDetails":{"known":false,"muted":false,"flaky":false,"message":"Error crítico en launchBrowser: Unknown HttpClient factory jdk-http-client","trace":"java.lang.RuntimeException: Error crítico en launchBrowser: Unknown HttpClient factory jdk-http-client\r\n\tat BaseTest.launchBrowser(BaseTest.java:172)\r\n\tat BaseTest.setUp(BaseTest.java:37)\r\n\tat java.base/jdk.internal.reflect.DirectMethodHandleAccessor.invoke(DirectMethodHandleAccessor.java:103)\r\n\tat java.base/java.lang.reflect.Method.invoke(Method.java:580)\r\n\tat org.testng.internal.invokers.MethodInvocationHelper.invokeMethod(MethodInvocationHelper.java:139)\r\n\tat org.testng.internal.invokers.MethodInvocationHelper.invokeMethodConsideringTimeout(MethodInvocationHelper.java:69)\r\n\tat org.testng.internal.invokers.ConfigInvoker.invokeConfigurationMethod(ConfigInvoker.java:390)\r\n\tat org.testng.internal.invokers.ConfigInvoker.invokeConfigurations(ConfigInvoker.java:325)\r\n\tat org.testng.SuiteRunner.privateRun(SuiteRunner.java:382)\r\n\tat org.testng.SuiteRunner.run(SuiteRunner.java:336)\r\n\tat org.testng.SuiteRunnerWorker.runSuite(SuiteRunnerWorker.java:52)\r\n\tat org.testng.SuiteRunnerWorker.run(SuiteRunnerWorker.java:95)\r\n\tat org.testng.TestNG.runSuitesSequentially(TestNG.java:1280)\r\n\tat org.testng.TestNG.runSuitesLocally(TestNG.java:1200)\r\n\tat org.testng.TestNG.runSuites(TestNG.java:1114)\r\n\tat org.testng.TestNG.run(TestNG.java:1082)\r\n\tat com.intellij.rt.testng.IDEARemoteTestNG.run(IDEARemoteTestNG.java:65)\r\n\tat com.intellij.rt.testng.RemoteTestNGStarter.main(RemoteTestNGStarter.java:105)\r\nCaused by: java.lang.IllegalArgumentException: Unknown HttpClient factory jdk-http-client\r\n\tat org.openqa.selenium.remote.http.HttpClient$Factory.create(HttpClient.java:57)\r\n\tat org.openqa.selenium.remote.http.HttpClient$Factory.createDefault(HttpClient.java:73)\r\n\tat org.openqa.selenium.remote.RemoteWebDriver.createExecutor(RemoteWebDriver.java:184)\r\n\tat org.openqa.selenium.remote.RemoteWebDriver.<init>(RemoteWebDriver.java:139)\r\n\tat BaseTest.launchBrowser(BaseTest.java:155)\r\n\t... 17 more\r\n"},"stage":"finished","steps":[],"attachments":[],"parameters":[{"name":"gridUrl","value":"http://10.0.0.43:4444"},{"name":"arg2","value":"Please include an '@' in the email address. 'missingAtSymbol' is missing an '@'."},{"name":"BaseUrl","value":"https://qa.koel.app/"},{"name":"arg1","value":"Password123"},{"name":"browser","value":"chrome"},{"name":"arg0","value":"missingAtSymbol"}],"start":1771558659583,"stop":1771558659585}