{"uid":"c77b4ba180e59b89","name":"INTERNSHIP-108264 Koel app | Info panel (Lyrics, Artist, Album)","fullName":"LoginTests.verifyInfoPanelAndNavigation","historyId":"c7908a08399fa9f729dbacee30d67ed6","time":{"start":1771557968966,"stop":1771557968973,"duration":7},"status":"skipped","statusMessage":"Error crítico en launchBrowser: Could not start a new session. Possible causes are invalid address of the remote server or browser start-up failure. \nHost info: host: 'runnervmwffz4', ip: '10.1.0.155'","statusTrace":"java.lang.RuntimeException: Error crítico en launchBrowser: Could not start a new session. Possible causes are invalid address of the remote server or browser start-up failure. \nHost info: host: 'runnervmwffz4', ip: '10.1.0.155'\n\tat BaseTest.launchBrowser(BaseTest.java:125)\n\tat LoginTests.setup(LoginTests.java:25)\n\tat java.base/jdk.internal.reflect.DirectMethodHandleAccessor.invoke(DirectMethodHandleAccessor.java:103)\n\tat java.base/java.lang.reflect.Method.invoke(Method.java:580)\n\tat org.testng.internal.invokers.MethodInvocationHelper.invokeMethod(MethodInvocationHelper.java:139)\n\tat org.testng.internal.invokers.MethodInvocationHelper.invokeMethodConsideringTimeout(MethodInvocationHelper.java:69)\n\tat org.testng.internal.invokers.ConfigInvoker.invokeConfigurationMethod(ConfigInvoker.java:390)\n\tat org.testng.internal.invokers.ConfigInvoker.invokeConfigurations(ConfigInvoker.java:325)\n\tat org.testng.internal.invokers.TestInvoker.runConfigMethods(TestInvoker.java:810)\n\tat org.testng.internal.invokers.TestInvoker.invokeMethod(TestInvoker.java:577)\n\tat org.testng.internal.invokers.TestInvoker.invokeTestMethod(TestInvoker.java:227)\n\tat org.testng.internal.invokers.MethodRunner.runInSequence(MethodRunner.java:50)\n\tat org.testng.internal.invokers.TestInvoker$MethodInvocationAgent.invoke(TestInvoker.java:957)\n\tat org.testng.internal.invokers.TestInvoker.invokeTestMethods(TestInvoker.java:200)\n\tat org.testng.internal.invokers.TestMethodWorker.invokeTestMethods(TestMethodWorker.java:148)\n\tat org.testng.internal.invokers.TestMethodWorker.run(TestMethodWorker.java:128)\n\tat java.base/java.util.concurrent.ThreadPoolExecutor.runWorker(ThreadPoolExecutor.java:1144)\n\tat java.base/java.util.concurrent.ThreadPoolExecutor$Worker.run(ThreadPoolExecutor.java:642)\n\tat java.base/java.lang.Thread.run(Thread.java:1583)\n","flaky":false,"newFailed":false,"newBroken":false,"newPassed":false,"retriesCount":0,"retriesStatusChange":false,"beforeStages":[{"name":"setup","time":{"start":1771557788825,"stop":1771557968850,"duration":180025},"description":"","status":"broken","statusMessage":"Error crítico en launchBrowser: Could not start a new session. Possible causes are invalid address of the remote server or browser start-up failure. \nHost info: host: 'runnervmwffz4', ip: '10.1.0.155'","statusTrace":"java.lang.RuntimeException: Error crítico en launchBrowser: Could not start a new session. Possible causes are invalid address of the remote server or browser start-up failure. \nHost info: host: 'runnervmwffz4', ip: '10.1.0.155'\n\tat BaseTest.launchBrowser(BaseTest.java:125)\n\tat LoginTests.setup(LoginTests.java:25)\n\tat java.base/jdk.internal.reflect.DirectMethodHandleAccessor.invoke(DirectMethodHandleAccessor.java:103)\n\tat java.base/java.lang.reflect.Method.invoke(Method.java:580)\n\tat org.testng.internal.invokers.MethodInvocationHelper.invokeMethod(MethodInvocationHelper.java:139)\n\tat org.testng.internal.invokers.MethodInvocationHelper.invokeMethodConsideringTimeout(MethodInvocationHelper.java:69)\n\tat org.testng.internal.invokers.ConfigInvoker.invokeConfigurationMethod(ConfigInvoker.java:390)\n\tat org.testng.internal.invokers.ConfigInvoker.invokeConfigurations(ConfigInvoker.java:325)\n\tat org.testng.internal.invokers.TestInvoker.runConfigMethods(TestInvoker.java:810)\n\tat org.testng.internal.invokers.TestInvoker.invokeMethod(TestInvoker.java:577)\n\tat org.testng.internal.invokers.TestInvoker.invokeTestMethod(TestInvoker.java:227)\n\tat org.testng.internal.invokers.MethodRunner.runInSequence(MethodRunner.java:50)\n\tat org.testng.internal.invokers.TestInvoker$MethodInvocationAgent.invoke(TestInvoker.java:957)\n\tat org.testng.internal.invokers.TestInvoker.invokeTestMethods(TestInvoker.java:200)\n\tat org.testng.internal.invokers.TestMethodWorker.invokeTestMethods(TestMethodWorker.java:148)\n\tat org.testng.internal.invokers.TestMethodWorker.run(TestMethodWorker.java:128)\n\tat java.base/java.util.concurrent.ThreadPoolExecutor.runWorker(ThreadPoolExecutor.java:1144)\n\tat java.base/java.util.concurrent.ThreadPoolExecutor$Worker.run(ThreadPoolExecutor.java:642)\n\tat java.base/java.lang.Thread.run(Thread.java:1583)\n","steps":[],"attachments":[],"parameters":[],"stepsCount":0,"shouldDisplayMessage":true,"attachmentsCount":0,"hasContent":true,"attachmentStep":false}],"afterStages":[{"name":"tearDown","time":{"start":1771557968976,"stop":1771557968976,"duration":0},"description":"","status":"broken","steps":[],"attachments":[],"parameters":[],"stepsCount":0,"shouldDisplayMessage":false,"attachmentsCount":0,"hasContent":false,"attachmentStep":false}],"labels":[{"name":"package","value":"LoginTests"},{"name":"testClass","value":"LoginTests"},{"name":"testMethod","value":"verifyInfoPanelAndNavigation"},{"name":"parentSuite","value":"Suite Optimizada"},{"name":"suite","value":"Java Selenium test case"},{"name":"subSuite","value":"LoginTests"},{"name":"host","value":"runnervmwffz4"},{"name":"thread","value":"3312@runnervmwffz4.TestNG-test=Java Selenium test case-1(33)"},{"name":"framework","value":"testng"},{"name":"language","value":"java"},{"name":"resultFormat","value":"allure2"}],"parameters":[{"name":"BaseUrl","value":"https://qa.koel.app/"},{"name":"browser","value":"chrome"},{"name":"gridUrl","value":"http://10.0.0.43:4444"}],"links":[],"hidden":false,"retry":false,"extra":{"severity":"normal","retries":[],"categories":[],"history":{"statistic":{"failed":0,"broken":0,"skipped":7,"passed":0,"unknown":0,"total":7},"items":[{"uid":"3e33efc000b6701c","reportUrl":"https://QAwithHeilynFuselier.github.io/Hybrid-Testing-Suite-Selenium-Postman/12/#testresult/3e33efc000b6701c","status":"skipped","statusDetails":"Error crítico en launchBrowser: Could not start a new session. Possible causes are invalid address of the remote server or browser start-up failure. \nHost info: host: 'runnervmwffz4', ip: '10.1.0.211'","time":{"start":1771557781425,"stop":1771557781425,"duration":0}},{"uid":"374bcdc72b7215ca","reportUrl":"https://QAwithHeilynFuselier.github.io/Hybrid-Testing-Suite-Selenium-Postman/11/#testresult/374bcdc72b7215ca","status":"skipped","statusDetails":"Error crítico en launchBrowser: Could not start a new session. Possible causes are invalid address of the remote server or browser start-up failure. \nHost info: host: 'runnervmwffz4', ip: '10.1.0.105'\nBuild info: version: '4.5.0', revision: 'fe167b119a'\nSystem info: os.name: 'Linux', os.arch: 'amd64', os.version: '6.11.0-1018-azure', java.version: '17.0.18'\nDriver info: org.openqa.selenium.remote.RemoteWebDriver\nCommand: [null, newSession {capabilities=[Capabilities {browserName: chrome, goog:chromeOptions: {args: [--remote-allow-origins=*, --disable-notifications, --start-maximized, --headless=new, --no-sandbox, --disable-dev-shm-usage, --disable-gpu, --window-size=1920,1080], extensions: []}, se:cdpEnabled: false}], desiredCapabilities=Capabilities {browserName: chrome, goog:chromeOptions: {args: [--remote-allow-origins=*, --disable-notifications, --start-maximized, --headless=new, --no-sandbox, --disable-dev-shm-usage, --disable-gpu, --window-size=1920,1080], extensions: []}, se:cdpEnabled: false}}]\nCapabilities {}","time":{"start":1771557440348,"stop":1771557440349,"duration":1}},{"uid":"46550eb0363919a6","reportUrl":"https://QAwithHeilynFuselier.github.io/Hybrid-Testing-Suite-Selenium-Postman/7/#testresult/46550eb0363919a6","status":"skipped","statusDetails":"no connect to selenium grid http://10.0.0.43:4444","time":{"start":1771551886019,"stop":1771551886024,"duration":5}},{"uid":"558ea6491debeb5b","reportUrl":"https://QAwithHeilynFuselier.github.io/Hybrid-Testing-Suite-Selenium-Postman/6/#testresult/558ea6491debeb5b","status":"skipped","statusDetails":"no connect to selenium grid http://10.0.0.43:4444","time":{"start":1771550718624,"stop":1771550718625,"duration":1}},{"uid":"fbe22dfa76b6cc17","reportUrl":"https://QAwithHeilynFuselier.github.io/Hybrid-Testing-Suite-Selenium-Postman/5/#testresult/fbe22dfa76b6cc17","status":"skipped","statusDetails":"no connect to selenium grid http://10.0.0.43:4444","time":{"start":1771550478659,"stop":1771550478660,"duration":1}},{"uid":"cf8099007b9ddd2c","reportUrl":"https://QAwithHeilynFuselier.github.io/Hybrid-Testing-Suite-Selenium-Postman/4/#testresult/cf8099007b9ddd2c","status":"skipped","statusDetails":"no connect to selenium grid http://10.0.0.43:4444","time":{"start":1771550221560,"stop":1771550221564,"duration":4}}]},"tags":[]},"source":"c77b4ba180e59b89.json","parameterValues":["https://qa.koel.app/","chrome","http://10.0.0.43:4444"]}